
> web@0.1.0 start
> next start

   ▲ Next.js 15.5.2
   - Local:        http://localhost:3000
   - Network:      http://172.31.31.34:3000

 ✓ Starting...
 ✓ Ready in 534ms
Starting FULL sync of ALL orders from Shopify...
Starting to fetch ALL orders from Shopify using since_id method...
Shop: f184d9-2
Access token: shpat_f934...
Page 1: Making request to: https://f184d9-2.myshopify.com/admin/api/2023-10/orders.json?limit=250&status=any&since_id=0
Current total orders: 0
Page 1: Fetched 250 orders. Total so far: 250. Next sinceId: 5427060965573
Starting FULL sync of ALL orders from Shopify...
Starting to fetch ALL orders from Shopify using since_id method...
Shop: f184d9-2
Access token: shpat_f934...
Page 1: Making request to: https://f184d9-2.myshopify.com/admin/api/2023-10/orders.json?limit=250&status=any&since_id=0
Current total orders: 0
Page 2: Making request to: https://f184d9-2.myshopify.com/admin/api/2023-10/orders.json?limit=250&status=any&since_id=5427060965573
Current total orders: 250
Page 2: Fetched 250 orders. Total so far: 500. Next sinceId: 5610287628485
Page 1: Fetched 250 orders. Total so far: 250. Next sinceId: 5427060965573
Page 3: Making request to: https://f184d9-2.myshopify.com/admin/api/2023-10/orders.json?limit=250&status=any&since_id=5610287628485
Current total orders: 500
Page 2: Making request to: https://f184d9-2.myshopify.com/admin/api/2023-10/orders.json?limit=250&status=any&since_id=5427060965573
Current total orders: 250
Page 2: Fetched 250 orders. Total so far: 500. Next sinceId: 5610287628485
Page 3: Making request to: https://f184d9-2.myshopify.com/admin/api/2023-10/orders.json?limit=250&status=any&since_id=5610287628485
Current total orders: 500
Page 3: Fetched 177 orders. Total so far: 677. Next sinceId: 6031487336645
Page 3: Got fewer orders than limit (177 < 250), stopping sync
Page 3: Fetched 177 orders. Total so far: 677. Next sinceId: 6031487336645
Page 3: Got fewer orders than limit (177 < 250), stopping sync
Finished fetching ALL orders. Total: 677 orders from 3 pages
Processing 677 orders...
Inserting data into database...
Sync completed successfully!
Finished fetching ALL orders. Total: 677 orders from 3 pages
Processing 677 orders...
Inserting data into database...
Sync completed successfully!
Starting unified data synchronization...
Starting data synchronization...
Data synchronization completed: {
  customers: {
    shopify: { synced: 470, errors: 0 },
    quickbooks: { synced: 0, errors: 0 }
  },
  orders: {
    shopify: { synced: 677, errors: 0 },
    quickbooks: { synced: 0, errors: 0 }
  }
}
